**********************
PowerShell transcript start
Start time: 20260818153044
Username: MICHAEL\micha
RunAs User: MICHAEL\micha
Configuration Name: 
Machine: MICHAEL (Microsoft Windows NT 10.0.26200.0)
Host Application: C:\Program Files\WindowsApps\Microsoft.PowerShell_7.6.5.0_x64__8wekyb3d8bbwe\pwsh.dll
Process ID: 49516
PSVersion: 7.6.5
PSEdition: Core
GitCommitId: 7.6.5
OS: Microsoft Windows 10.0.26200
Platform: Win32NT
PSCompatibleVersions: 1.0, 2.0, 3.0, 4.0, 5.0, 5.1, 6.0, 7.0
PSRemotingProtocolVersion: 2.4
SerializationVersion: 1.1.0.1
WSManStackVersion: 3.0
**********************
Transcript started, output file is C:\Users\micha\SOC-Lab\Logs\session-2026-08-18-1530.txt
PS C:\Windows\System32> ssh -i $HOME\.ssh\wazuh-host_personal_ed25519 michael@10.10.20.100
CommandLine: net  localgroup\\r\\nCurrentDirectory: C:\\\\Users\\\\Michael\\\\AppData\\\\Local\\\\Temp\\\\\\r\\nUser: LAB-VICTIM\\\\Michael\\r\\nLogonGuid: {7468d86e-c3d9-6a84-e71b-280000000000}\\r\\nLogonId: 0x281BE7\\r\\n
TerminalSessionId: 1\\r\\nIntegrityLevel: High\\r\\nHashes: MD5=8A1E71312BD2AAE202652113049CDBD1,SHA256=BB3E638C8B5B6EF80847E364AEEF2796CAD25D3539CF9B41D3820FA48943E777,IMPHASH=EF46B86C2346DA0A991DE4B78AAF4E75\\r\\nParentPr
ocessGuid: {7468d86e-d59d-6a84-b702-000000001200}\\r\\nParentProcessId: 4256\\r\\nParentImage: C:\\\\Windows\\\\System32\\\\cmd.exe\\r\\nParentCommandLine: \\\"cmd.exe\\\" /c net user & dir c:\\\\Users\\\\ & cmdkey.exe /lis
t & net localgroup \\\"Users\\\" & net localgroup\\r\\nParentUser: LAB-VICTIM\\\\Michael\\\"\"},\"eventdata\":{\"utcTime\":\"2026-08-18 21:58:53.785\",\"processGuid\":\"{7468d86e-d59d-6a84-be02-000000001200}\",\"processId\"
:\"2948\",\"image\":\"C:\\\\\\\\Windows\\\\\\\\System32\\\\\\\\net.exe\",\"fileVersion\":\"10.0.26100.7019 (WinBuild.160101.0800)\",\"description\":\"Net Command\",\"product\":\"Microsoft® Windows® Operating System\",\"comp
any\":\"Microsoft Corporation\",\"originalFileName\":\"net.exe\",\"commandLine\":\"net  localgroup\",\"currentDirectory\":\"C:\\\\\\\\Users\\\\\\\\Michael\\\\\\\\AppData\\\\\\\\Local\\\\\\\\Temp\\\\\\\\\",\"user\":\"LAB-VIC
TIM\\\\\\\\Michael\",\"logonGuid\":\"{7468d86e-c3d9-6a84-e71b-280000000000}\",\"logonId\":\"0x281be7\",\"terminalSessionId\":\"1\",\"integrityLevel\":\"High\",\"hashes\":\"MD5=8A1E71312BD2AAE202652113049CDBD1,SHA256=BB3E638
C8B5B6EF80847E364AEEF2796CAD25D3539CF9B41D3820FA48943E777,IMPHASH=EF46B86C2346DA0A991DE4B78AAF4E75\",\"parentProcessGuid\":\"{7468d86e-d59d-6a84-b702-000000001200}\",\"parentProcessId\":\"4256\",\"parentImage\":\"C:\\\\\\\\
Windows\\\\\\\\System32\\\\\\\\cmd.exe\",\"parentCommandLine\":\"\\\\\\\"cmd.exe\\\\\\\" /c net user &amp; dir c:\\\\\\\\Users\\\\\\\\ &amp; cmdkey.exe /list &amp; net localgroup \\\\\\\"Users\\\\\\\" &amp; net localgroup\"
,\"parentUser\":\"LAB-VICTIM\\\\\\\\Michael\"}}}","decoder":{"name":"windows_eventchannel"},"data":{"win":{"system":{"providerName":"Microsoft-Windows-Sysmon","providerGuid":"{5770385f-c22a-43e0-bf4c-06f5698ffbd9}","eventID
":"1","version":"5","level":"4","task":"1","opcode":"0","keywords":"0x8000000000000000","systemTime":"2026-08-18T21:58:53.8020044Z","eventRecordID":"4190","processID":"3776","threadID":"4736","channel":"Microsoft-Windows-Sy
smon/Operational","computer":"LAB-VICTIM","severityValue":"INFORMATION","message":"\"Process Create:\r\nRuleName: -\r\nUtcTime: 2026-08-18 21:58:53.785\r\nProcessGuid: {7468d86e-d59d-6a84-be02-000000001200}\r\nProcessId: 29
48\r\nImage: C:\\Windows\\System32\\net.exe\r\nFileVersion: 10.0.26100.7019 (WinBuild.160101.0800)\r\nDescription: Net Command\r\nProduct: Microsoft® Windows® Operating System\r\nCompany: Microsoft Corporation\r\nOriginalFi
leName: net.exe\r\nCommandLine: net  localgroup\r\nCurrentDirectory: C:\\Users\\Michael\\AppData\\Local\\Temp\\\r\nUser: LAB-VICTIM\\Michael\r\nLogonGuid: {7468d86e-c3d9-6a84-e71b-280000000000}\r\nLogonId: 0x281BE7\r\nTermi
nalSessionId: 1\r\nIntegrityLevel: High\r\nHashes: MD5=8A1E71312BD2AAE202652113049CDBD1,SHA256=BB3E638C8B5B6EF80847E364AEEF2796CAD25D3539CF9B41D3820FA48943E777,IMPHASH=EF46B86C2346DA0A991DE4B78AAF4E75\r\nParentProcessGuid:
{7468d86e-d59d-6a84-b702-000000001200}\r\nParentProcessId: 4256\r\nParentImage: C:\\Windows\\System32\\cmd.exe\r\nParentCommandLine: \"cmd.exe\" /c net user & dir c:\\Users\\ & cmdkey.exe /list & net localgroup \"Users\" &
net localgroup\r\nParentUser: LAB-VICTIM\\Michael\""},"eventdata":{"utcTime":"2026-08-18 21:58:53.785","processGuid":"{7468d86e-d59d-6a84-be02-000000001200}","processId":"2948","image":"C:\\\\Windows\\\\System32\\\\net.exe"
,"fileVersion":"10.0.26100.7019 (WinBuild.160101.0800)","description":"Net Command","product":"Microsoft® Windows® Operating System","company":"Microsoft Corporation","originalFileName":"net.exe","commandLine":"net  localgr
oup","currentDirectory":"C:\\\\Users\\\\Michael\\\\AppData\\\\Local\\\\Temp\\\\","user":"LAB-VICTIM\\\\Michael","logonGuid":"{7468d86e-c3d9-6a84-e71b-280000000000}","logonId":"0x281be7","terminalSessionId":"1","integrityLev
el":"High","hashes":"MD5=8A1E71312BD2AAE202652113049CDBD1,SHA256=BB3E638C8B5B6EF80847E364AEEF2796CAD25D3539CF9B41D3820FA48943E777,IMPHASH=EF46B86C2346DA0A991DE4B78AAF4E75","parentProcessGuid":"{7468d86e-d59d-6a84-b702-00000
0001200}","parentProcessId":"4256","parentImage":"C:\\\\Windows\\\\System32\\\\cmd.exe","parentCommandLine":"\\\"cmd.exe\\\" /c net user &amp; dir c:\\\\Users\\\\ &amp; cmdkey.exe /list &amp; net localgroup \\\"Users\\\" &a
mp; net localgroup","parentUser":"LAB-VICTIM\\\\Michael"}}},"location":"EventChannel"}
{"timestamp":"2026-08-18T21:59:14.269+0000","rule":{"level":8,"description":"Network share removed via net.exe, possible indicator removal","id":"100007","mitre":{"id":["T1070.005"],"tactic":["Defense Evasion"],"technique":
["Network Share Connection Removal"]},"firedtimes":1,"mail":false,"groups":["sysmon","windows","attack"]},"agent":{"id":"001","name":"win11-ltsc-victim","ip":"10.10.30.100"},"manager":{"name":"wazuh.manager"},"id":"17870903
54.604979","full_log":"{\"win\":{\"system\":{\"providerName\":\"Microsoft-Windows-Sysmon\",\"providerGuid\":\"{5770385f-c22a-43e0-bf4c-06f5698ffbd9}\",\"eventID\":\"1\",\"version\":\"5\",\"level\":\"4\",\"task\":\"1\",\"opc
ode\":\"0\",\"keywords\":\"0x8000000000000000\",\"systemTime\":\"2026-08-18T21:59:14.2788180Z\",\"eventRecordID\":\"4195\",\"processID\":\"3776\",\"threadID\":\"4736\",\"channel\":\"Microsoft-Windows-Sysmon/Operational\",\"
computer\":\"LAB-VICTIM\",\"severityValue\":\"INFORMATION\",\"message\":\"\\\"Process Create:\\r\\nRuleName: -\\r\\nUtcTime: 2026-08-18 21:59:14.267\\r\\nProcessGuid: {7468d86e-d5b2-6a84-c502-000000001200}\\r\\nProcessId: 4
580\\r\\nImage: C:\\\\Windows\\\\System32\\\\net.exe\\r\\nFileVersion: 10.0.26100.7019 (WinBuild.160101.0800)\\r\\nDescription: Net Command\\r\\nProduct: Microsoft® Windows® Operating System\\r\\nCompany: Microsoft Corporat
ion\\r\\nOriginalFileName: net.exe\\r\\nCommandLine: net  share \\\\\\\\test\\\\share /delete\\r\\nCurrentDirectory: C:\\\\Users\\\\Michael\\\\AppData\\\\Local\\\\Temp\\\\\\r\\nUser: LAB-VICTIM\\\\Michael\\r\\nLogonGuid: {7
468d86e-c3d9-6a84-e71b-280000000000}\\r\\nLogonId: 0x281BE7\\r\\nTerminalSessionId: 1\\r\\nIntegrityLevel: High\\r\\nHashes: MD5=8A1E71312BD2AAE202652113049CDBD1,SHA256=BB3E638C8B5B6EF80847E364AEEF2796CAD25D3539CF9B41D3820F
A48943E777,IMPHASH=EF46B86C2346DA0A991DE4B78AAF4E75\\r\\nParentProcessGuid: {7468d86e-d5b2-6a84-c302-000000001200}\\r\\nParentProcessId: 1456\\r\\nParentImage: C:\\\\Windows\\\\System32\\\\cmd.exe\\r\\nParentCommandLine: \\
\"cmd.exe\\\" /c net share \\\\\\\\test\\\\share /delete\\r\\nParentUser: LAB-VICTIM\\\\Michael\\\"\"},\"eventdata\":{\"utcTime\":\"2026-08-18 21:59:14.267\",\"processGuid\":\"{7468d86e-d5b2-6a84-c502-000000001200}\",\"proc
essId\":\"4580\",\"image\":\"C:\\\\\\\\Windows\\\\\\\\System32\\\\\\\\net.exe\",\"fileVersion\":\"10.0.26100.7019 (WinBuild.160101.0800)\",\"description\":\"Net Command\",\"product\":\"Microsoft® Windows® Operating System\"
,\"company\":\"Microsoft Corporation\",\"originalFileName\":\"net.exe\",\"commandLine\":\"net  share \\\\\\\\\\\\\\\\test\\\\\\\\share /delete\",\"currentDirectory\":\"C:\\\\\\\\Users\\\\\\\\Michael\\\\\\\\AppData\\\\\\\\Lo
cal\\\\\\\\Temp\\\\\\\\\",\"user\":\"LAB-VICTIM\\\\\\\\Michael\",\"logonGuid\":\"{7468d86e-c3d9-6a84-e71b-280000000000}\",\"logonId\":\"0x281be7\",\"terminalSessionId\":\"1\",\"integrityLevel\":\"High\",\"hashes\":\"MD5=8A1
E71312BD2AAE202652113049CDBD1,SHA256=BB3E638C8B5B6EF80847E364AEEF2796CAD25D3539CF9B41D3820FA48943E777,IMPHASH=EF46B86C2346DA0A991DE4B78AAF4E75\",\"parentProcessGuid\":\"{7468d86e-d5b2-6a84-c302-000000001200}\",\"parentProce
ssId\":\"1456\",\"parentImage\":\"C:\\\\\\\\Windows\\\\\\\\System32\\\\\\\\cmd.exe\",\"parentCommandLine\":\"\\\\\\\"cmd.exe\\\\\\\" /c net share \\\\\\\\\\\\\\\\test\\\\\\\\share /delete\",\"parentUser\":\"LAB-VICTIM\\\\\\
\\Michael\"}}}","decoder":{"name":"windows_eventchannel"},"data":{"win":{"system":{"providerName":"Microsoft-Windows-Sysmon","providerGuid":"{5770385f-c22a-43e0-bf4c-06f5698ffbd9}","eventID":"1","version":"5","level":"4","t
ask":"1","opcode":"0","keywords":"0x8000000000000000","systemTime":"2026-08-18T21:59:14.2788180Z","eventRecordID":"4195","processID":"3776","threadID":"4736","channel":"Microsoft-Windows-Sysmon/Operational","computer":"LAB-
VICTIM","severityValue":"INFORMATION","message":"\"Process Create:\r\nRuleName: -\r\nUtcTime: 2026-08-18 21:59:14.267\r\nProcessGuid: {7468d86e-d5b2-6a84-c502-000000001200}\r\nProcessId: 4580\r\nImage: C:\\Windows\\System32
\\net.exe\r\nFileVersion: 10.0.26100.7019 (WinBuild.160101.0800)\r\nDescription: Net Command\r\nProduct: Microsoft® Windows® Operating System\r\nCompany: Microsoft Corporation\r\nOriginalFileName: net.exe\r\nCommandLine: ne
t  share \\\\test\\share /delete\r\nCurrentDirectory: C:\\Users\\Michael\\AppData\\Local\\Temp\\\r\nUser: LAB-VICTIM\\Michael\r\nLogonGuid: {7468d86e-c3d9-6a84-e71b-280000000000}\r\nLogonId: 0x281BE7\r\nTerminalSessionId: 1
\r\nIntegrityLevel: High\r\nHashes: MD5=8A1E71312BD2AAE202652113049CDBD1,SHA256=BB3E638C8B5B6EF80847E364AEEF2796CAD25D3539CF9B41D3820FA48943E777,IMPHASH=EF46B86C2346DA0A991DE4B78AAF4E75\r\nParentProcessGuid: {7468d86e-d5b2-
6a84-c302-000000001200}\r\nParentProcessId: 1456\r\nParentImage: C:\\Windows\\System32\\cmd.exe\r\nParentCommandLine: \"cmd.exe\" /c net share \\\\test\\share /delete\r\nParentUser: LAB-VICTIM\\Michael\""},"eventdata":{"utc
Time":"2026-08-18 21:59:14.267","processGuid":"{7468d86e-d5b2-6a84-c502-000000001200}","processId":"4580","image":"C:\\\\Windows\\\\System32\\\\net.exe","fileVersion":"10.0.26100.7019 (WinBuild.160101.0800)","description":"
Net Command","product":"Microsoft® Windows® Operating System","company":"Microsoft Corporation","originalFileName":"net.exe","commandLine":"net  share \\\\\\\\test\\\\share /delete","currentDirectory":"C:\\\\Users\\\\Michae
l\\\\AppData\\\\Local\\\\Temp\\\\","user":"LAB-VICTIM\\\\Michael","logonGuid":"{7468d86e-c3d9-6a84-e71b-280000000000}","logonId":"0x281be7","terminalSessionId":"1","integrityLevel":"High","hashes":"MD5=8A1E71312BD2AAE202652
113049CDBD1,SHA256=BB3E638C8B5B6EF80847E364AEEF2796CAD25D3539CF9B41D3820FA48943E777,IMPHASH=EF46B86C2346DA0A991DE4B78AAF4E75","parentProcessGuid":"{7468d86e-d5b2-6a84-c302-000000001200}","parentProcessId":"1456","parentImag
e":"C:\\\\Windows\\\\System32\\\\cmd.exe","parentCommandLine":"\\\"cmd.exe\\\" /c net share \\\\\\\\test\\\\share /delete","parentUser":"LAB-VICTIM\\\\Michael"}}},"location":"EventChannel"}
michael@wazuh-host:~$ Connection to 10.10.20.100 closed by remote host.
Connection to 10.10.20.100 closed.
